08-Nov-2017 11:45:04.373 信息 [main] org.apache.catalina.startup.VersionLoggerListener.log Server version:        Apache Tomcat/9.0.1
08-Nov-2017 11:45:04.399 信息 [main] org.apache.catalina.startup.VersionLoggerListener.log Server built:          Sep 27 2017 17:31:52 UTC
08-Nov-2017 11:45:04.399 信息 [main] org.apache.catalina.startup.VersionLoggerListener.log Server number:         9.0.1.0
08-Nov-2017 11:45:04.400 信息 [main] org.apache.catalina.startup.VersionLoggerListener.log OS Name:               Mac OS X
08-Nov-2017 11:45:04.400 信息 [main] org.apache.catalina.startup.VersionLoggerListener.log OS Version:            10.12.6
08-Nov-2017 11:45:04.400 信息 [main] org.apache.catalina.startup.VersionLoggerListener.log Architecture:          x86_64
08-Nov-2017 11:45:04.400 信息 [main] org.apache.catalina.startup.VersionLoggerListener.log Java Home:             /Library/Java/JavaVirtualMachines/jdk1.8.0_121.jdk/Contents/Home/jre
08-Nov-2017 11:45:04.400 信息 [main] org.apache.catalina.startup.VersionLoggerListener.log JVM Version:           1.8.0_121-b13
08-Nov-2017 11:45:04.400 信息 [main] org.apache.catalina.startup.VersionLoggerListener.log JVM Vendor:            Oracle Corporation
08-Nov-2017 11:45:04.401 信息 [main] org.apache.catalina.startup.VersionLoggerListener.log CATALINA_BASE:         /Library/ApacheTomcat
08-Nov-2017 11:45:04.401 信息 [main] org.apache.catalina.startup.VersionLoggerListener.log CATALINA_HOME:         /Library/ApacheTomcat
08-Nov-2017 11:45:04.403 信息 [main] org.apache.catalina.startup.VersionLoggerListener.log Command line argument: -Djava.util.logging.config.file=/Library/ApacheTomcat/conf/logging.properties
08-Nov-2017 11:45:04.403 信息 [main] org.apache.catalina.startup.VersionLoggerListener.log Command line argument: -Djava.util.logging.manager=org.apache.juli.ClassLoaderLogManager
08-Nov-2017 11:45:04.403 信息 [main] org.apache.catalina.startup.VersionLoggerListener.log Command line argument: -Djdk.tls.ephemeralDHKeySize=2048
08-Nov-2017 11:45:04.403 信息 [main] org.apache.catalina.startup.VersionLoggerListener.log Command line argument: -Djava.protocol.handler.pkgs=org.apache.catalina.webresources
08-Nov-2017 11:45:04.403 信息 [main] org.apache.catalina.startup.VersionLoggerListener.log Command line argument: -Dcatalina.base=/Library/ApacheTomcat
08-Nov-2017 11:45:04.404 信息 [main] org.apache.catalina.startup.VersionLoggerListener.log Command line argument: -Dcatalina.home=/Library/ApacheTomcat
08-Nov-2017 11:45:04.404 信息 [main] org.apache.catalina.startup.VersionLoggerListener.log Command line argument: -Djava.io.tmpdir=/Library/ApacheTomcat/temp
08-Nov-2017 11:45:04.404 信息 [main] org.apache.catalina.core.AprLifecycleListener.lifecycleEvent The APR based Apache Tomcat Native library which allows optimal performance in production environments was not found on the java.library.path: [/Users/mac-yk/Library/Java/Extensions:/Library/Java/Extensions:/Network/Library/Java/Extensions:/System/Library/Java/Extensions:/usr/lib/java:.]
08-Nov-2017 11:45:05.055 信息 [main] org.apache.coyote.AbstractProtocol.init Initializing ProtocolHandler ["http-nio-8080"]
08-Nov-2017 11:45:05.129 信息 [main] org.apache.tomcat.util.net.NioSelectorPool.getSharedSelector Using a shared selector for servlet write/read
08-Nov-2017 11:45:05.158 信息 [main] org.apache.coyote.AbstractProtocol.init Initializing ProtocolHandler ["ajp-nio-8009"]
08-Nov-2017 11:45:05.161 信息 [main] org.apache.tomcat.util.net.NioSelectorPool.getSharedSelector Using a shared selector for servlet write/read
08-Nov-2017 11:45:05.161 信息 [main] org.apache.catalina.startup.Catalina.load Initialization processed in 2346 ms
08-Nov-2017 11:45:05.229 信息 [main] org.apache.catalina.core.StandardService.startInternal Starting service [Catalina]
08-Nov-2017 11:45:05.229 信息 [main] org.apache.catalina.core.StandardEngine.startInternal Starting Servlet Engine: Apache Tomcat/9.0.1
08-Nov-2017 11:45:05.250 信息 [main] org.apache.catalina.startup.HostConfig.deployDirectory Deploying web application directory [/Library/ApacheTomcat/webapps/docs]
08-Nov-2017 11:45:06.535 信息 [main] org.apache.catalina.startup.HostConfig.deployDirectory Deployment of web application directory [/Library/ApacheTomcat/webapps/docs] has finished in [1,284] ms
08-Nov-2017 11:45:06.535 信息 [main] org.apache.catalina.startup.HostConfig.deployDirectory Deploying web application directory [/Library/ApacheTomcat/webapps/examples]
08-Nov-2017 11:45:07.241 信息 [main] org.apache.catalina.startup.HostConfig.deployDirectory Deployment of web application directory [/Library/ApacheTomcat/webapps/examples] has finished in [705] ms
08-Nov-2017 11:45:07.241 信息 [main] org.apache.catalina.startup.HostConfig.deployDirectory Deploying web application directory [/Library/ApacheTomcat/webapps/host-manager]
08-Nov-2017 11:45:07.309 信息 [main] org.apache.catalina.startup.HostConfig.deployDirectory Deployment of web application directory [/Library/ApacheTomcat/webapps/host-manager] has finished in [68] ms
08-Nov-2017 11:45:07.310 信息 [main] org.apache.catalina.startup.HostConfig.deployDirectory Deploying web application directory [/Library/ApacheTomcat/webapps/manager]
08-Nov-2017 11:45:07.345 信息 [main] org.apache.catalina.startup.HostConfig.deployDirectory Deployment of web application directory [/Library/ApacheTomcat/webapps/manager] has finished in [35] ms
08-Nov-2017 11:45:07.345 信息 [main] org.apache.catalina.startup.HostConfig.deployDirectory Deploying web application directory [/Library/ApacheTomcat/webapps/ROOT]
08-Nov-2017 11:45:07.375 信息 [main] org.apache.catalina.startup.HostConfig.deployDirectory Deployment of web application directory [/Library/ApacheTomcat/webapps/ROOT] has finished in [29] ms
08-Nov-2017 11:45:07.384 信息 [main] org.apache.coyote.AbstractProtocol.start Starting ProtocolHandler ["http-nio-8080"]
08-Nov-2017 11:45:07.402 信息 [main] org.apache.coyote.AbstractProtocol.start Starting ProtocolHandler ["ajp-nio-8009"]
08-Nov-2017 11:45:07.405 信息 [main] org.apache.catalina.startup.Catalina.start Server startup in 2242 ms
08-Nov-2017 14:06:32.666 信息 [ContainerBackgroundProcessor[StandardEngine[Catalina]]] org.apache.catalina.startup.HostConfig.deployWAR Deploying web application archive [/Library/ApacheTomcat/webapps/lineServer.war]
08-Nov-2017 14:06:33.723 信息 [ContainerBackgroundProcessor[StandardEngine[Catalina]]] org.apache.jasper.servlet.TldScanner.scanJars At least one JAR was scanned for TLDs yet contained no TLDs. Enable debug logging for this logger for a complete list of JARs that were scanned but no TLDs were found in them. Skipping unneeded JARs during scanning can improve startup time and JSP compilation time.
08-Nov-2017 14:06:33.744 信息 [ContainerBackgroundProcessor[StandardEngine[Catalina]]] org.apache.catalina.startup.HostConfig.deployWAR Deployment of web application archive [/Library/ApacheTomcat/webapps/lineServer.war] has finished in [1,080] ms
08-Nov-2017 14:18:34.329 警告 [main] org.apache.catalina.core.StandardContext.setPath A context path must either be an empty string or start with a '/' and do not end with a '/'. The path [/] does not meet these criteria and has been changed to []
08-Nov-2017 14:18:34.355 警告 [main] org.apache.tomcat.util.digester.SetPropertiesRule.begin [SetPropertiesRule]{Server/Service/Engine/Host/Context} Setting property 'debug' to '0' did not find a matching property.
08-Nov-2017 14:18:34.423 信息 [main] org.apache.catalina.startup.VersionLoggerListener.log Server version:        Apache Tomcat/9.0.1
08-Nov-2017 14:18:34.423 信息 [main] org.apache.catalina.startup.VersionLoggerListener.log Server built:          Sep 27 2017 17:31:52 UTC
08-Nov-2017 14:18:34.423 信息 [main] org.apache.catalina.startup.VersionLoggerListener.log Server number:         9.0.1.0
08-Nov-2017 14:18:34.424 信息 [main] org.apache.catalina.startup.VersionLoggerListener.log OS Name:               Mac OS X
08-Nov-2017 14:18:34.424 信息 [main] org.apache.catalina.startup.VersionLoggerListener.log OS Version:            10.12.6
08-Nov-2017 14:18:34.424 信息 [main] org.apache.catalina.startup.VersionLoggerListener.log Architecture:          x86_64
08-Nov-2017 14:18:34.424 信息 [main] org.apache.catalina.startup.VersionLoggerListener.log Java Home:             /Library/Java/JavaVirtualMachines/jdk1.8.0_121.jdk/Contents/Home/jre
08-Nov-2017 14:18:34.424 信息 [main] org.apache.catalina.startup.VersionLoggerListener.log JVM Version:           1.8.0_121-b13
08-Nov-2017 14:18:34.424 信息 [main] org.apache.catalina.startup.VersionLoggerListener.log JVM Vendor:            Oracle Corporation
08-Nov-2017 14:18:34.424 信息 [main] org.apache.catalina.startup.VersionLoggerListener.log CATALINA_BASE:         /Library/ApacheTomcat
08-Nov-2017 14:18:34.425 信息 [main] org.apache.catalina.startup.VersionLoggerListener.log CATALINA_HOME:         /Library/ApacheTomcat
08-Nov-2017 14:18:34.425 信息 [main] org.apache.catalina.startup.VersionLoggerListener.log Command line argument: -Djava.util.logging.config.file=/Library/ApacheTomcat/conf/logging.properties
08-Nov-2017 14:18:34.428 信息 [main] org.apache.catalina.startup.VersionLoggerListener.log Command line argument: -Djava.util.logging.manager=org.apache.juli.ClassLoaderLogManager
08-Nov-2017 14:18:34.429 信息 [main] org.apache.catalina.startup.VersionLoggerListener.log Command line argument: -Djdk.tls.ephemeralDHKeySize=2048
08-Nov-2017 14:18:34.429 信息 [main] org.apache.catalina.startup.VersionLoggerListener.log Command line argument: -Djava.protocol.handler.pkgs=org.apache.catalina.webresources
08-Nov-2017 14:18:34.429 信息 [main] org.apache.catalina.startup.VersionLoggerListener.log Command line argument: -Dcatalina.base=/Library/ApacheTomcat
08-Nov-2017 14:18:34.429 信息 [main] org.apache.catalina.startup.VersionLoggerListener.log Command line argument: -Dcatalina.home=/Library/ApacheTomcat
08-Nov-2017 14:18:34.429 信息 [main] org.apache.catalina.startup.VersionLoggerListener.log Command line argument: -Djava.io.tmpdir=/Library/ApacheTomcat/temp
08-Nov-2017 14:18:34.429 信息 [main] org.apache.catalina.core.AprLifecycleListener.lifecycleEvent The APR based Apache Tomcat Native library which allows optimal performance in production environments was not found on the java.library.path: [/Users/mac-yk/Library/Java/Extensions:/Library/Java/Extensions:/Network/Library/Java/Extensions:/System/Library/Java/Extensions:/usr/lib/java:.]
08-Nov-2017 14:18:35.087 信息 [main] org.apache.coyote.AbstractProtocol.init Initializing ProtocolHandler ["http-nio-8080"]
08-Nov-2017 14:18:35.174 严重 [main] org.apache.catalina.util.LifecycleBase.handleSubClassException Failed to initialize component [Connector[HTTP/1.1-8080]]
 org.apache.catalina.LifecycleException: Protocol handler initialization failed
	at org.apache.catalina.connector.Connector.initInternal(Connector.java:935)
	at org.apache.catalina.util.LifecycleBase.init(LifecycleBase.java:136)
	at org.apache.catalina.core.StandardService.initInternal(StandardService.java:530)
	at org.apache.catalina.util.LifecycleBase.init(LifecycleBase.java:136)
	at org.apache.catalina.core.StandardServer.initInternal(StandardServer.java:852)
	at org.apache.catalina.util.LifecycleBase.init(LifecycleBase.java:136)
	at org.apache.catalina.startup.Catalina.load(Catalina.java:622)
	at org.apache.catalina.startup.Catalina.load(Catalina.java:645)
	at sun.reflect.NativeMethodAccessorImpl.invoke0(Native Method)
	at sun.reflect.NativeMethodAccessorImpl.invoke(NativeMethodAccessorImpl.java:62)
	at sun.reflect.DelegatingMethodAccessorImpl.invoke(DelegatingMethodAccessorImpl.java:43)
	at java.lang.reflect.Method.invoke(Method.java:498)
	at org.apache.catalina.startup.Bootstrap.load(Bootstrap.java:311)
	at org.apache.catalina.startup.Bootstrap.main(Bootstrap.java:494)
Caused by: java.net.BindException: Address already in use
	at sun.nio.ch.Net.bind0(Native Method)
	at sun.nio.ch.Net.bind(Net.java:433)
	at sun.nio.ch.Net.bind(Net.java:425)
	at sun.nio.ch.ServerSocketChannelImpl.bind(ServerSocketChannelImpl.java:223)
	at sun.nio.ch.ServerSocketAdaptor.bind(ServerSocketAdaptor.java:74)
	at org.apache.tomcat.util.net.NioEndpoint.initServerSocket(NioEndpoint.java:227)
	at org.apache.tomcat.util.net.NioEndpoint.bind(NioEndpoint.java:202)
	at org.apache.tomcat.util.net.AbstractEndpoint.init(AbstractEndpoint.java:1039)
	at org.apache.coyote.AbstractProtocol.init(AbstractProtocol.java:540)
	at org.apache.coyote.http11.AbstractHttp11Protocol.init(AbstractHttp11Protocol.java:70)
	at org.apache.catalina.connector.Connector.initInternal(Connector.java:932)
	... 13 more

08-Nov-2017 14:18:35.179 信息 [main] org.apache.coyote.AbstractProtocol.init Initializing ProtocolHandler ["ajp-nio-8009"]
08-Nov-2017 14:18:35.182 严重 [main] org.apache.catalina.util.LifecycleBase.handleSubClassException Failed to initialize component [Connector[AJP/1.3-8009]]
 org.apache.catalina.LifecycleException: Protocol handler initialization failed
	at org.apache.catalina.connector.Connector.initInternal(Connector.java:935)
	at org.apache.catalina.util.LifecycleBase.init(LifecycleBase.java:136)
	at org.apache.catalina.core.StandardService.initInternal(StandardService.java:530)
	at org.apache.catalina.util.LifecycleBase.init(LifecycleBase.java:136)
	at org.apache.catalina.core.StandardServer.initInternal(StandardServer.java:852)
	at org.apache.catalina.util.LifecycleBase.init(LifecycleBase.java:136)
	at org.apache.catalina.startup.Catalina.load(Catalina.java:622)
	at org.apache.catalina.startup.Catalina.load(Catalina.java:645)
	at sun.reflect.NativeMethodAccessorImpl.invoke0(Native Method)
	at sun.reflect.NativeMethodAccessorImpl.invoke(NativeMethodAccessorImpl.java:62)
	at sun.reflect.DelegatingMethodAccessorImpl.invoke(DelegatingMethodAccessorImpl.java:43)
	at java.lang.reflect.Method.invoke(Method.java:498)
	at org.apache.catalina.startup.Bootstrap.load(Bootstrap.java:311)
	at org.apache.catalina.startup.Bootstrap.main(Bootstrap.java:494)
Caused by: java.net.BindException: Address already in use
	at sun.nio.ch.Net.bind0(Native Method)
	at sun.nio.ch.Net.bind(Net.java:433)
	at sun.nio.ch.Net.bind(Net.java:425)
	at sun.nio.ch.ServerSocketChannelImpl.bind(ServerSocketChannelImpl.java:223)
	at sun.nio.ch.ServerSocketAdaptor.bind(ServerSocketAdaptor.java:74)
	at org.apache.tomcat.util.net.NioEndpoint.initServerSocket(NioEndpoint.java:227)
	at org.apache.tomcat.util.net.NioEndpoint.bind(NioEndpoint.java:202)
	at org.apache.tomcat.util.net.AbstractEndpoint.init(AbstractEndpoint.java:1039)
	at org.apache.coyote.AbstractProtocol.init(AbstractProtocol.java:540)
	at org.apache.catalina.connector.Connector.initInternal(Connector.java:932)
	... 13 more

08-Nov-2017 14:18:35.185 信息 [main] org.apache.catalina.startup.Catalina.load Initialization processed in 2686 ms
08-Nov-2017 14:18:35.268 信息 [main] org.apache.catalina.core.StandardService.startInternal Starting service [Catalina]
08-Nov-2017 14:18:35.268 信息 [main] org.apache.catalina.core.StandardEngine.startInternal Starting Servlet Engine: Apache Tomcat/9.0.1
08-Nov-2017 14:18:36.546 信息 [main] org.apache.catalina.startup.HostConfig.deployWAR Deploying web application archive [/Library/ApacheTomcat/webapps/lineServer.war]
08-Nov-2017 14:18:38.096 信息 [main] org.apache.jasper.servlet.TldScanner.scanJars At least one JAR was scanned for TLDs yet contained no TLDs. Enable debug logging for this logger for a complete list of JARs that were scanned but no TLDs were found in them. Skipping unneeded JARs during scanning can improve startup time and JSP compilation time.
08-Nov-2017 14:18:38.124 信息 [main] org.apache.catalina.startup.HostConfig.deployWAR Deployment of web application archive [/Library/ApacheTomcat/webapps/lineServer.war] has finished in [1,577] ms
08-Nov-2017 14:18:38.125 信息 [main] org.apache.catalina.startup.HostConfig.deployDirectory Deploying web application directory [/Library/ApacheTomcat/webapps/docs]
08-Nov-2017 14:18:38.143 信息 [main] org.apache.catalina.startup.HostConfig.deployDirectory Deployment of web application directory [/Library/ApacheTomcat/webapps/docs] has finished in [19] ms
08-Nov-2017 14:18:38.143 信息 [main] org.apache.catalina.startup.HostConfig.deployDirectory Deploying web application directory [/Library/ApacheTomcat/webapps/examples]
08-Nov-2017 14:18:38.786 信息 [main] org.apache.catalina.startup.HostConfig.deployDirectory Deployment of web application directory [/Library/ApacheTomcat/webapps/examples] has finished in [643] ms
08-Nov-2017 14:18:38.786 信息 [main] org.apache.catalina.startup.HostConfig.deployDirectory Deploying web application directory [/Library/ApacheTomcat/webapps/host-manager]
08-Nov-2017 14:18:38.837 信息 [main] org.apache.catalina.startup.HostConfig.deployDirectory Deployment of web application directory [/Library/ApacheTomcat/webapps/host-manager] has finished in [51] ms
08-Nov-2017 14:18:38.838 信息 [main] org.apache.catalina.startup.HostConfig.deployDirectory Deploying web application directory [/Library/ApacheTomcat/webapps/manager]
08-Nov-2017 14:18:38.863 信息 [main] org.apache.catalina.startup.HostConfig.deployDirectory Deployment of web application directory [/Library/ApacheTomcat/webapps/manager] has finished in [25] ms
08-Nov-2017 14:18:38.872 信息 [main] org.apache.catalina.startup.Catalina.start Server startup in 3685 ms
08-Nov-2017 14:18:38.885 严重 [main] org.apache.catalina.core.StandardServer.await StandardServer.await: create[localhost:8005]: 
 java.net.BindException: Address already in use (Bind failed)
	at java.net.PlainSocketImpl.socketBind(Native Method)
	at java.net.AbstractPlainSocketImpl.bind(AbstractPlainSocketImpl.java:387)
	at java.net.ServerSocket.bind(ServerSocket.java:375)
	at java.net.ServerSocket.<init>(ServerSocket.java:237)
	at org.apache.catalina.core.StandardServer.await(StandardServer.java:422)
	at org.apache.catalina.startup.Catalina.await(Catalina.java:759)
	at org.apache.catalina.startup.Catalina.start(Catalina.java:705)
	at sun.reflect.NativeMethodAccessorImpl.invoke0(Native Method)
	at sun.reflect.NativeMethodAccessorImpl.invoke(NativeMethodAccessorImpl.java:62)
	at sun.reflect.DelegatingMethodAccessorImpl.invoke(DelegatingMethodAccessorImpl.java:43)
	at java.lang.reflect.Method.invoke(Method.java:498)
	at org.apache.catalina.startup.Bootstrap.start(Bootstrap.java:355)
	at org.apache.catalina.startup.Bootstrap.main(Bootstrap.java:495)

08-Nov-2017 14:18:38.886 信息 [main] org.apache.coyote.AbstractProtocol.pause Pausing ProtocolHandler ["http-nio-8080"]
08-Nov-2017 14:18:38.886 信息 [main] org.apache.coyote.AbstractProtocol.pause Pausing ProtocolHandler ["ajp-nio-8009"]
08-Nov-2017 14:18:38.887 信息 [main] org.apache.catalina.core.StandardService.stopInternal Stopping service [Catalina]
08-Nov-2017 14:18:38.927 信息 [main] org.apache.coyote.AbstractProtocol.stop Stopping ProtocolHandler ["http-nio-8080"]
08-Nov-2017 14:18:38.927 信息 [main] org.apache.coyote.AbstractProtocol.destroy Destroying ProtocolHandler ["http-nio-8080"]
08-Nov-2017 14:18:38.928 信息 [main] org.apache.coyote.AbstractProtocol.stop Stopping ProtocolHandler ["ajp-nio-8009"]
08-Nov-2017 14:18:38.928 信息 [main] org.apache.coyote.AbstractProtocol.destroy Destroying ProtocolHandler ["ajp-nio-8009"]
08-Nov-2017 14:21:43.990 警告 [main] org.apache.catalina.core.StandardContext.setPath A context path must either be an empty string or start with a '/' and do not end with a '/'. The path [/] does not meet these criteria and has been changed to []
08-Nov-2017 14:21:43.999 警告 [main] org.apache.tomcat.util.digester.SetPropertiesRule.begin [SetPropertiesRule]{Server/Service/Engine/Host/Context} Setting property 'debug' to '0' did not find a matching property.
08-Nov-2017 14:21:44.023 信息 [main] org.apache.catalina.startup.VersionLoggerListener.log Server version:        Apache Tomcat/9.0.1
08-Nov-2017 14:21:44.024 信息 [main] org.apache.catalina.startup.VersionLoggerListener.log Server built:          Sep 27 2017 17:31:52 UTC
08-Nov-2017 14:21:44.024 信息 [main] org.apache.catalina.startup.VersionLoggerListener.log Server number:         9.0.1.0
08-Nov-2017 14:21:44.024 信息 [main] org.apache.catalina.startup.VersionLoggerListener.log OS Name:               Mac OS X
08-Nov-2017 14:21:44.024 信息 [main] org.apache.catalina.startup.VersionLoggerListener.log OS Version:            10.12.6
08-Nov-2017 14:21:44.024 信息 [main] org.apache.catalina.startup.VersionLoggerListener.log Architecture:          x86_64
08-Nov-2017 14:21:44.025 信息 [main] org.apache.catalina.startup.VersionLoggerListener.log Java Home:             /Library/Java/JavaVirtualMachines/jdk1.8.0_121.jdk/Contents/Home/jre
08-Nov-2017 14:21:44.025 信息 [main] org.apache.catalina.startup.VersionLoggerListener.log JVM Version:           1.8.0_121-b13
08-Nov-2017 14:21:44.025 信息 [main] org.apache.catalina.startup.VersionLoggerListener.log JVM Vendor:            Oracle Corporation
08-Nov-2017 14:21:44.025 信息 [main] org.apache.catalina.startup.VersionLoggerListener.log CATALINA_BASE:         /Library/ApacheTomcat
08-Nov-2017 14:21:44.025 信息 [main] org.apache.catalina.startup.VersionLoggerListener.log CATALINA_HOME:         /Library/ApacheTomcat
08-Nov-2017 14:21:44.026 信息 [main] org.apache.catalina.startup.VersionLoggerListener.log Command line argument: -Djava.util.logging.config.file=/Library/ApacheTomcat/conf/logging.properties
08-Nov-2017 14:21:44.029 信息 [main] org.apache.catalina.startup.VersionLoggerListener.log Command line argument: -Djava.util.logging.manager=org.apache.juli.ClassLoaderLogManager
08-Nov-2017 14:21:44.029 信息 [main] org.apache.catalina.startup.VersionLoggerListener.log Command line argument: -Djdk.tls.ephemeralDHKeySize=2048
08-Nov-2017 14:21:44.029 信息 [main] org.apache.catalina.startup.VersionLoggerListener.log Command line argument: -Djava.protocol.handler.pkgs=org.apache.catalina.webresources
08-Nov-2017 14:21:44.030 信息 [main] org.apache.catalina.startup.VersionLoggerListener.log Command line argument: -Dcatalina.base=/Library/ApacheTomcat
08-Nov-2017 14:21:44.030 信息 [main] org.apache.catalina.startup.VersionLoggerListener.log Command line argument: -Dcatalina.home=/Library/ApacheTomcat
08-Nov-2017 14:21:44.030 信息 [main] org.apache.catalina.startup.VersionLoggerListener.log Command line argument: -Djava.io.tmpdir=/Library/ApacheTomcat/temp
08-Nov-2017 14:21:44.030 信息 [main] org.apache.catalina.core.AprLifecycleListener.lifecycleEvent The APR based Apache Tomcat Native library which allows optimal performance in production environments was not found on the java.library.path: [/Users/mac-yk/Library/Java/Extensions:/Library/Java/Extensions:/Network/Library/Java/Extensions:/System/Library/Java/Extensions:/usr/lib/java:.]
08-Nov-2017 14:21:44.454 信息 [main] org.apache.coyote.AbstractProtocol.init Initializing ProtocolHandler ["http-nio-8080"]
08-Nov-2017 14:21:44.489 严重 [main] org.apache.catalina.util.LifecycleBase.handleSubClassException Failed to initialize component [Connector[HTTP/1.1-8080]]
 org.apache.catalina.LifecycleException: Protocol handler initialization failed
	at org.apache.catalina.connector.Connector.initInternal(Connector.java:935)
	at org.apache.catalina.util.LifecycleBase.init(LifecycleBase.java:136)
	at org.apache.catalina.core.StandardService.initInternal(StandardService.java:530)
	at org.apache.catalina.util.LifecycleBase.init(LifecycleBase.java:136)
	at org.apache.catalina.core.StandardServer.initInternal(StandardServer.java:852)
	at org.apache.catalina.util.LifecycleBase.init(LifecycleBase.java:136)
	at org.apache.catalina.startup.Catalina.load(Catalina.java:622)
	at org.apache.catalina.startup.Catalina.load(Catalina.java:645)
	at sun.reflect.NativeMethodAccessorImpl.invoke0(Native Method)
	at sun.reflect.NativeMethodAccessorImpl.invoke(NativeMethodAccessorImpl.java:62)
	at sun.reflect.DelegatingMethodAccessorImpl.invoke(DelegatingMethodAccessorImpl.java:43)
	at java.lang.reflect.Method.invoke(Method.java:498)
	at org.apache.catalina.startup.Bootstrap.load(Bootstrap.java:311)
	at org.apache.catalina.startup.Bootstrap.main(Bootstrap.java:494)
Caused by: java.net.BindException: Address already in use
	at sun.nio.ch.Net.bind0(Native Method)
	at sun.nio.ch.Net.bind(Net.java:433)
	at sun.nio.ch.Net.bind(Net.java:425)
	at sun.nio.ch.ServerSocketChannelImpl.bind(ServerSocketChannelImpl.java:223)
	at sun.nio.ch.ServerSocketAdaptor.bind(ServerSocketAdaptor.java:74)
	at org.apache.tomcat.util.net.NioEndpoint.initServerSocket(NioEndpoint.java:227)
	at org.apache.tomcat.util.net.NioEndpoint.bind(NioEndpoint.java:202)
	at org.apache.tomcat.util.net.AbstractEndpoint.init(AbstractEndpoint.java:1039)
	at org.apache.coyote.AbstractProtocol.init(AbstractProtocol.java:540)
	at org.apache.coyote.http11.AbstractHttp11Protocol.init(AbstractHttp11Protocol.java:70)
	at org.apache.catalina.connector.Connector.initInternal(Connector.java:932)
	... 13 more

08-Nov-2017 14:21:44.491 信息 [main] org.apache.coyote.AbstractProtocol.init Initializing ProtocolHandler ["ajp-nio-8009"]
08-Nov-2017 14:21:44.493 严重 [main] org.apache.catalina.util.LifecycleBase.handleSubClassException Failed to initialize component [Connector[AJP/1.3-8009]]
 org.apache.catalina.LifecycleException: Protocol handler initialization failed
	at org.apache.catalina.connector.Connector.initInternal(Connector.java:935)
	at org.apache.catalina.util.LifecycleBase.init(LifecycleBase.java:136)
	at org.apache.catalina.core.StandardService.initInternal(StandardService.java:530)
	at org.apache.catalina.util.LifecycleBase.init(LifecycleBase.java:136)
	at org.apache.catalina.core.StandardServer.initInternal(StandardServer.java:852)
	at org.apache.catalina.util.LifecycleBase.init(LifecycleBase.java:136)
	at org.apache.catalina.startup.Catalina.load(Catalina.java:622)
	at org.apache.catalina.startup.Catalina.load(Catalina.java:645)
	at sun.reflect.NativeMethodAccessorImpl.invoke0(Native Method)
	at sun.reflect.NativeMethodAccessorImpl.invoke(NativeMethodAccessorImpl.java:62)
	at sun.reflect.DelegatingMethodAccessorImpl.invoke(DelegatingMethodAccessorImpl.java:43)
	at java.lang.reflect.Method.invoke(Method.java:498)
	at org.apache.catalina.startup.Bootstrap.load(Bootstrap.java:311)
	at org.apache.catalina.startup.Bootstrap.main(Bootstrap.java:494)
Caused by: java.net.BindException: Address already in use
	at sun.nio.ch.Net.bind0(Native Method)
	at sun.nio.ch.Net.bind(Net.java:433)
	at sun.nio.ch.Net.bind(Net.java:425)
	at sun.nio.ch.ServerSocketChannelImpl.bind(ServerSocketChannelImpl.java:223)
	at sun.nio.ch.ServerSocketAdaptor.bind(ServerSocketAdaptor.java:74)
	at org.apache.tomcat.util.net.NioEndpoint.initServerSocket(NioEndpoint.java:227)
	at org.apache.tomcat.util.net.NioEndpoint.bind(NioEndpoint.java:202)
	at org.apache.tomcat.util.net.AbstractEndpoint.init(AbstractEndpoint.java:1039)
	at org.apache.coyote.AbstractProtocol.init(AbstractProtocol.java:540)
	at org.apache.catalina.connector.Connector.initInternal(Connector.java:932)
	... 13 more

08-Nov-2017 14:21:44.494 信息 [main] org.apache.catalina.startup.Catalina.load Initialization processed in 1418 ms
08-Nov-2017 14:21:44.554 信息 [main] org.apache.catalina.core.StandardService.startInternal Starting service [Catalina]
08-Nov-2017 14:21:44.556 信息 [main] org.apache.catalina.core.StandardEngine.startInternal Starting Servlet Engine: Apache Tomcat/9.0.1
08-Nov-2017 14:21:46.837 信息 [main] org.apache.jasper.servlet.TldScanner.scanJars At least one JAR was scanned for TLDs yet contained no TLDs. Enable debug logging for this logger for a complete list of JARs that were scanned but no TLDs were found in them. Skipping unneeded JARs during scanning can improve startup time and JSP compilation time.
08-Nov-2017 14:21:46.970 信息 [main] org.apache.catalina.startup.HostConfig.deployWAR Deploying web application archive [/Library/ApacheTomcat/webapps/lineServer.war]
08-Nov-2017 14:21:47.974 信息 [main] org.apache.jasper.servlet.TldScanner.scanJars At least one JAR was scanned for TLDs yet contained no TLDs. Enable debug logging for this logger for a complete list of JARs that were scanned but no TLDs were found in them. Skipping unneeded JARs during scanning can improve startup time and JSP compilation time.
08-Nov-2017 14:21:47.982 信息 [main] org.apache.catalina.startup.HostConfig.deployWAR Deployment of web application archive [/Library/ApacheTomcat/webapps/lineServer.war] has finished in [1,011] ms
08-Nov-2017 14:21:47.983 信息 [main] org.apache.catalina.startup.HostConfig.deployDirectory Deploying web application directory [/Library/ApacheTomcat/webapps/docs]
08-Nov-2017 14:21:48.020 信息 [main] org.apache.catalina.startup.HostConfig.deployDirectory Deployment of web application directory [/Library/ApacheTomcat/webapps/docs] has finished in [37] ms
08-Nov-2017 14:21:48.020 信息 [main] org.apache.catalina.startup.HostConfig.deployDirectory Deploying web application directory [/Library/ApacheTomcat/webapps/examples]
08-Nov-2017 14:21:48.644 信息 [main] org.apache.catalina.startup.HostConfig.deployDirectory Deployment of web application directory [/Library/ApacheTomcat/webapps/examples] has finished in [624] ms
08-Nov-2017 14:21:48.645 信息 [main] org.apache.catalina.startup.HostConfig.deployDirectory Deploying web application directory [/Library/ApacheTomcat/webapps/host-manager]
08-Nov-2017 14:21:48.691 信息 [main] org.apache.catalina.startup.HostConfig.deployDirectory Deployment of web application directory [/Library/ApacheTomcat/webapps/host-manager] has finished in [47] ms
08-Nov-2017 14:21:48.691 信息 [main] org.apache.catalina.startup.HostConfig.deployDirectory Deploying web application directory [/Library/ApacheTomcat/webapps/manager]
08-Nov-2017 14:21:48.734 信息 [main] org.apache.catalina.startup.HostConfig.deployDirectory Deployment of web application directory [/Library/ApacheTomcat/webapps/manager] has finished in [43] ms
08-Nov-2017 14:21:48.740 信息 [main] org.apache.catalina.startup.Catalina.start Server startup in 4245 ms
08-Nov-2017 14:21:48.750 严重 [main] org.apache.catalina.core.StandardServer.await StandardServer.await: create[localhost:8005]: 
 java.net.BindException: Address already in use (Bind failed)
	at java.net.PlainSocketImpl.socketBind(Native Method)
	at java.net.AbstractPlainSocketImpl.bind(AbstractPlainSocketImpl.java:387)
	at java.net.ServerSocket.bind(ServerSocket.java:375)
	at java.net.ServerSocket.<init>(ServerSocket.java:237)
	at org.apache.catalina.core.StandardServer.await(StandardServer.java:422)
	at org.apache.catalina.startup.Catalina.await(Catalina.java:759)
	at org.apache.catalina.startup.Catalina.start(Catalina.java:705)
	at sun.reflect.NativeMethodAccessorImpl.invoke0(Native Method)
	at sun.reflect.NativeMethodAccessorImpl.invoke(NativeMethodAccessorImpl.java:62)
	at sun.reflect.DelegatingMethodAccessorImpl.invoke(DelegatingMethodAccessorImpl.java:43)
	at java.lang.reflect.Method.invoke(Method.java:498)
	at org.apache.catalina.startup.Bootstrap.start(Bootstrap.java:355)
	at org.apache.catalina.startup.Bootstrap.main(Bootstrap.java:495)

08-Nov-2017 14:21:48.751 信息 [main] org.apache.coyote.AbstractProtocol.pause Pausing ProtocolHandler ["http-nio-8080"]
08-Nov-2017 14:21:48.751 信息 [main] org.apache.coyote.AbstractProtocol.pause Pausing ProtocolHandler ["ajp-nio-8009"]
08-Nov-2017 14:21:48.751 信息 [main] org.apache.catalina.core.StandardService.stopInternal Stopping service [Catalina]
08-Nov-2017 14:21:48.805 信息 [main] org.apache.coyote.AbstractProtocol.stop Stopping ProtocolHandler ["http-nio-8080"]
08-Nov-2017 14:21:48.805 信息 [main] org.apache.coyote.AbstractProtocol.destroy Destroying ProtocolHandler ["http-nio-8080"]
08-Nov-2017 14:21:48.805 信息 [main] org.apache.coyote.AbstractProtocol.stop Stopping ProtocolHandler ["ajp-nio-8009"]
08-Nov-2017 14:21:48.806 信息 [main] org.apache.coyote.AbstractProtocol.destroy Destroying ProtocolHandler ["ajp-nio-8009"]
